2025-06-06T14:35:09.069+0700	info	client/healthcheck_client.go:37	[INFO] Successfully retrieved all containers	{"count": 3}
2025-06-06T14:35:09.075+0700	info	cmd/main.go:84	[INFO] Retrieved all containers	{"count": 3}
2025-06-06T14:35:09.075+0700	info	cmd/main.go:98	[INFO] Processing container	{"id": 3, "name": "nginx-container-5"}
2025-06-06T14:35:09.075+0700	info	cmd/main.go:98	[INFO] Processing container	{"id": 1, "name": "nginx-container-3"}
2025-06-06T14:35:09.099+0700	info	cmd/main.go:98	[INFO] Processing container	{"id": 2, "name": "nginx-container-4"}
2025-06-06T14:35:10.342+0700	info	cmd/main.go:109	[INFO] Container status	{"id": 3, "name": "nginx-container-5", "status": "running"}
2025-06-06T14:35:10.347+0700	info	cmd/main.go:109	[INFO] Container status	{"id": 1, "name": "nginx-container-3", "status": "stopped"}
2025-06-06T14:35:10.350+0700	info	cmd/main.go:109	[INFO] Container status	{"id": 2, "name": "nginx-container-4", "status": "running"}
2025-06-06T14:35:12.539+0700	info	cmd/main.go:133	[INFO] Message written to Kafka	{"id": 3, "name": "nginx-container-5"}
2025-06-06T14:35:12.539+0700	info	cmd/main.go:133	[INFO] Message written to Kafka	{"id": 1, "name": "nginx-container-3"}
2025-06-06T14:35:12.539+0700	info	cmd/main.go:133	[INFO] Message written to Kafka	{"id": 2, "name": "nginx-container-4"}
2025-06-06T14:35:12.539+0700	info	cmd/main.go:138	[INFO] Sleeping for next iteration	{"delay": 60}
2025-06-06T14:36:12.543+0700	info	client/healthcheck_client.go:37	[INFO] Successfully retrieved all containers	{"count": 3}
2025-06-06T14:36:12.543+0700	info	cmd/main.go:84	[INFO] Retrieved all containers	{"count": 3}
2025-06-06T14:36:12.543+0700	info	cmd/main.go:98	[INFO] Processing container	{"id": 1, "name": "nginx-container-3"}
2025-06-06T14:36:12.544+0700	info	cmd/main.go:98	[INFO] Processing container	{"id": 2, "name": "nginx-container-4"}
2025-06-06T14:36:12.544+0700	info	cmd/main.go:98	[INFO] Processing container	{"id": 3, "name": "nginx-container-5"}
2025-06-06T14:36:12.548+0700	info	cmd/main.go:109	[INFO] Container status	{"id": 1, "name": "nginx-container-3", "status": "stopped"}
2025-06-06T14:36:12.552+0700	info	cmd/main.go:109	[INFO] Container status	{"id": 3, "name": "nginx-container-5", "status": "running"}
2025-06-06T14:36:12.576+0700	info	cmd/main.go:109	[INFO] Container status	{"id": 2, "name": "nginx-container-4", "status": "running"}
2025-06-06T14:36:13.612+0700	info	cmd/main.go:133	[INFO] Message written to Kafka	{"id": 1, "name": "nginx-container-3"}
2025-06-06T14:36:13.612+0700	info	cmd/main.go:133	[INFO] Message written to Kafka	{"id": 2, "name": "nginx-container-4"}
2025-06-06T14:36:13.612+0700	info	cmd/main.go:133	[INFO] Message written to Kafka	{"id": 3, "name": "nginx-container-5"}
2025-06-06T14:36:13.612+0700	info	cmd/main.go:138	[INFO] Sleeping for next iteration	{"delay": 60}
2025-06-06T14:37:13.670+0700	info	client/healthcheck_client.go:37	[INFO] Successfully retrieved all containers	{"count": 3}
2025-06-06T14:37:13.675+0700	info	cmd/main.go:84	[INFO] Retrieved all containers	{"count": 3}
2025-06-06T14:37:13.678+0700	info	cmd/main.go:98	[INFO] Processing container	{"id": 2, "name": "nginx-container-4"}
2025-06-06T14:37:13.678+0700	info	cmd/main.go:98	[INFO] Processing container	{"id": 1, "name": "nginx-container-3"}
2025-06-06T14:37:13.680+0700	info	cmd/main.go:98	[INFO] Processing container	{"id": 3, "name": "nginx-container-5"}
2025-06-06T14:37:13.696+0700	info	cmd/main.go:109	[INFO] Container status	{"id": 3, "name": "nginx-container-5", "status": "running"}
2025-06-06T14:37:13.697+0700	info	cmd/main.go:109	[INFO] Container status	{"id": 2, "name": "nginx-container-4", "status": "running"}
2025-06-06T14:37:13.719+0700	info	cmd/main.go:109	[INFO] Container status	{"id": 1, "name": "nginx-container-3", "status": "running"}
2025-06-06T14:37:14.809+0700	info	cmd/main.go:133	[INFO] Message written to Kafka	{"id": 1, "name": "nginx-container-3"}
2025-06-06T14:37:14.809+0700	info	cmd/main.go:133	[INFO] Message written to Kafka	{"id": 2, "name": "nginx-container-4"}
2025-06-06T14:37:14.809+0700	info	cmd/main.go:133	[INFO] Message written to Kafka	{"id": 3, "name": "nginx-container-5"}
2025-06-06T14:37:14.809+0700	info	cmd/main.go:138	[INFO] Sleeping for next iteration	{"delay": 60}
2025-06-06T14:38:14.955+0700	info	client/healthcheck_client.go:37	[INFO] Successfully retrieved all containers	{"count": 3}
2025-06-06T14:38:15.074+0700	info	cmd/main.go:84	[INFO] Retrieved all containers	{"count": 3}
2025-06-06T14:38:15.074+0700	info	cmd/main.go:98	[INFO] Processing container	{"id": 1, "name": "nginx-container-3"}
2025-06-06T14:38:15.078+0700	info	cmd/main.go:98	[INFO] Processing container	{"id": 3, "name": "nginx-container-5"}
2025-06-06T14:38:15.206+0700	info	cmd/main.go:98	[INFO] Processing container	{"id": 2, "name": "nginx-container-4"}
2025-06-06T14:38:15.265+0700	info	cmd/main.go:109	[INFO] Container status	{"id": 2, "name": "nginx-container-4", "status": "running"}
2025-06-06T14:38:15.282+0700	info	cmd/main.go:109	[INFO] Container status	{"id": 1, "name": "nginx-container-3", "status": "running"}
2025-06-06T14:38:15.282+0700	info	cmd/main.go:109	[INFO] Container status	{"id": 3, "name": "nginx-container-5", "status": "running"}
2025-06-06T14:38:16.299+0700	info	cmd/main.go:133	[INFO] Message written to Kafka	{"id": 2, "name": "nginx-container-4"}
2025-06-06T14:38:16.299+0700	info	cmd/main.go:133	[INFO] Message written to Kafka	{"id": 3, "name": "nginx-container-5"}
2025-06-06T14:38:16.299+0700	info	cmd/main.go:133	[INFO] Message written to Kafka	{"id": 1, "name": "nginx-container-3"}
2025-06-06T14:38:16.299+0700	info	cmd/main.go:138	[INFO] Sleeping for next iteration	{"delay": 60}
2025-06-06T14:39:16.310+0700	info	client/healthcheck_client.go:37	[INFO] Successfully retrieved all containers	{"count": 3}
2025-06-06T14:39:16.310+0700	info	cmd/main.go:84	[INFO] Retrieved all containers	{"count": 3}
2025-06-06T14:39:16.310+0700	info	cmd/main.go:98	[INFO] Processing container	{"id": 3, "name": "nginx-container-5"}
2025-06-06T14:39:16.311+0700	info	cmd/main.go:98	[INFO] Processing container	{"id": 2, "name": "nginx-container-4"}
2025-06-06T14:39:16.312+0700	info	cmd/main.go:98	[INFO] Processing container	{"id": 1, "name": "nginx-container-3"}
2025-06-06T14:39:16.328+0700	info	cmd/main.go:109	[INFO] Container status	{"id": 3, "name": "nginx-container-5", "status": "running"}
2025-06-06T14:39:16.329+0700	info	cmd/main.go:109	[INFO] Container status	{"id": 2, "name": "nginx-container-4", "status": "running"}
2025-06-06T14:39:16.334+0700	info	cmd/main.go:109	[INFO] Container status	{"id": 1, "name": "nginx-container-3", "status": "running"}
2025-06-06T14:39:17.341+0700	info	cmd/main.go:133	[INFO] Message written to Kafka	{"id": 3, "name": "nginx-container-5"}
2025-06-06T14:39:17.342+0700	info	cmd/main.go:133	[INFO] Message written to Kafka	{"id": 1, "name": "nginx-container-3"}
2025-06-06T14:39:17.342+0700	info	cmd/main.go:133	[INFO] Message written to Kafka	{"id": 2, "name": "nginx-container-4"}
2025-06-06T14:39:17.345+0700	info	cmd/main.go:138	[INFO] Sleeping for next iteration	{"delay": 60}
